::1 - - [22/Mar/2019:14:38:19 +0000] "GET /products HTTP/1.1" 200 - "http://localhost:4000/cart" "Mozilla/5.0 (iPhone; CPU iPhone OS 11_0 like Mac OS X) AppleWebKit/604.1.38 (KHTML, like Gecko) Version/11.0 Mobile/15A372 Safari/604.1"
::1 - - [22/Mar/2019:14:38:19 +0000] "GET /css/products.css HTTP/1.1" 200 861 "http://localhost:4000/products" "Mozilla/5.0 (iPhone; CPU iPhone OS 11_0 like Mac OS X) AppleWebKit/604.1.38 (KHTML, like Gecko) Version/11.0 Mobile/15A372 Safari/604.1"
::1 - - [22/Mar/2019:14:38:19 +0000] "GET /css/form.css HTTP/1.1" 200 - "http://localhost:4000/products" "Mozilla/5.0 (iPhone; CPU iPhone OS 11_0 like Mac OS X) AppleWebKit/604.1.38 (KHTML, like Gecko) Version/11.0 Mobile/15A372 Safari/604.1"
::1 - - [22/Mar/2019:14:38:19 +0000] "GET /css/main.css HTTP/1.1" 200 - "http://localhost:4000/products" "Mozilla/5.0 (iPhone; CPU iPhone OS 11_0 like Mac OS X) AppleWebKit/604.1.38 (KHTML, like Gecko) Version/11.0 Mobile/15A372 Safari/604.1"
::1 - - [22/Mar/2019:14:38:19 +0000] "GET /images/bricoflex.svg HTTP/1.1" 200 - "http://localhost:4000/products" "Mozilla/5.0 (iPhone; CPU iPhone OS 11_0 like Mac OS X) AppleWebKit/604.1.38 (KHTML, like Gecko) Version/11.0 Mobile/15A372 Safari/604.1"
::1 - - [22/Mar/2019:14:38:19 +0000] "GET /images/2019-03-14T16_38_09.267Z_Pot-peinture.jpg HTTP/1.1" 200 55780 "http://localhost:4000/products" "Mozilla/5.0 (iPhone; CPU iPhone OS 11_0 like Mac OS X) AppleWebKit/604.1.38 (KHTML, like Gecko) Version/11.0 Mobile/15A372 Safari/604.1"
::1 - - [22/Mar/2019:14:38:19 +0000] "GET /js/jquery-3.3.1.min.js HTTP/1.1" 200 - "http://localhost:4000/products" "Mozilla/5.0 (iPhone; CPU iPhone OS 11_0 like Mac OS X) AppleWebKit/604.1.38 (KHTML, like Gecko) Version/11.0 Mobile/15A372 Safari/604.1"
::1 - - [22/Mar/2019:14:38:19 +0000] "GET /js/collapse.min.js HTTP/1.1" 200 - "http://localhost:4000/products" "Mozilla/5.0 (iPhone; CPU iPhone OS 11_0 like Mac OS X) AppleWebKit/604.1.38 (KHTML, like Gecko) Version/11.0 Mobile/15A372 Safari/604.1"
::1 - - [22/Mar/2019:14:38:19 +0000] "GET /listeners/listener.js HTTP/1.1" 200 - "http://localhost:4000/products" "Mozilla/5.0 (iPhone; CPU iPhone OS 11_0 like Mac OS X) AppleWebKit/604.1.38 (KHTML, like Gecko) Version/11.0 Mobile/15A372 Safari/604.1"
::1 - - [22/Mar/2019:14:38:19 +0000] "GET /images/2019-03-15T12_41_03.827Z_paint-roller-155347_960_720.png HTTP/1.1" 200 83662 "http://localhost:4000/products" "Mozilla/5.0 (iPhone; CPU iPhone OS 11_0 like Mac OS X) AppleWebKit/604.1.38 (KHTML, like Gecko) Version/11.0 Mobile/15A372 Safari/604.1"
::1 - - [22/Mar/2019:14:38:19 +0000] "GET /images/2019-03-14T16_38_09.267Z_28642.png HTTP/1.1" 200 9226 "http://localhost:4000/products" "Mozilla/5.0 (iPhone; CPU iPhone OS 11_0 like Mac OS X) AppleWebKit/604.1.38 (KHTML, like Gecko) Version/11.0 Mobile/15A372 Safari/604.1"
::1 - - [22/Mar/2019:14:38:19 +0000] "GET /images/2019-03-14T16_38_09.267Z_Multiple_pliers.jpg HTTP/1.1" 200 100870 "http://localhost:4000/products" "Mozilla/5.0 (iPhone; CPU iPhone OS 11_0 like Mac OS X) AppleWebKit/604.1.38 (KHTML, like Gecko) Version/11.0 Mobile/15A372 Safari/604.1"
::1 - - [22/Mar/2019:14:38:19 +0000] "GET /images/2019-03-15T12_41_03.827Z_pelle.png HTTP/1.1" 200 9026 "http://localhost:4000/products" "Mozilla/5.0 (iPhone; CPU iPhone OS 11_0 like Mac OS X) AppleWebKit/604.1.38 (KHTML, like Gecko) Version/11.0 Mobile/15A372 Safari/604.1"
::1 - - [22/Mar/2019:14:38:19 +0000] "GET /images/2019-03-15T12_41_03.827Z_tournevis.png HTTP/1.1" 200 4666 "http://localhost:4000/products" "Mozilla/5.0 (iPhone; CPU iPhone OS 11_0 like Mac OS X) AppleWebKit/604.1.38 (KHTML, like Gecko) Version/11.0 Mobile/15A372 Safari/604.1"
::1 - - [22/Mar/2019:14:38:19 +0000] "GET /images/2019-03-19T16_30_01.850Z_tournevis.png HTTP/1.1" 200 4666 "http://localhost:4000/products" "Mozilla/5.0 (iPhone; CPU iPhone OS 11_0 like Mac OS X) AppleWebKit/604.1.38 (KHTML, like Gecko) Version/11.0 Mobile/15A372 Safari/604.1"
::1 - - [22/Mar/2019:14:38:19 +0000] "GET /images/2019-03-19T16_30_01.850Z_pelle.png HTTP/1.1" 200 9026 "http://localhost:4000/products" "Mozilla/5.0 (iPhone; CPU iPhone OS 11_0 like Mac OS X) AppleWebKit/604.1.38 (KHTML, like Gecko) Version/11.0 Mobile/15A372 Safari/604.1"
::1 - - [22/Mar/2019:14:38:19 +0000] "GET /images/2019-03-19T16_30_01.850Z_Pot-peinture.jpg HTTP/1.1" 200 55780 "http://localhost:4000/products" "Mozilla/5.0 (iPhone; CPU iPhone OS 11_0 like Mac OS X) AppleWebKit/604.1.38 (KHTML, like Gecko) Version/11.0 Mobile/15A372 Safari/604.1"
::1 - - [22/Mar/2019:14:38:19 +0000] "GET /images/2019-03-19T16_30_01.850Z_28642.png HTTP/1.1" 200 9226 "http://localhost:4000/products" "Mozilla/5.0 (iPhone; CPU iPhone OS 11_0 like Mac OS X) AppleWebKit/604.1.38 (KHTML, like Gecko) Version/11.0 Mobile/15A372 Safari/604.1"
::1 - - [22/Mar/2019:14:38:19 +0000] "GET /images/2019-03-19T16_30_01.850Z_paint-roller-155347_960_720.png HTTP/1.1" 200 83662 "http://localhost:4000/products" "Mozilla/5.0 (iPhone; CPU iPhone OS 11_0 like Mac OS X) AppleWebKit/604.1.38 (KHTML, like Gecko) Version/11.0 Mobile/15A372 Safari/604.1"
::1 - - [22/Mar/2019:15:07:11 +0000] "GET /products HTTP/1.1" 200 - "-" "Mozilla/5.0 (iPhone; CPU iPhone OS 11_0 like Mac OS X) AppleWebKit/604.1.38 (KHTML, like Gecko) Version/11.0 Mobile/15A372 Safari/604.1"
::1 - - [22/Mar/2019:15:07:11 +0000] "GET /css/main.css HTTP/1.1" 200 - "https://localhost:4000/products" "Mozilla/5.0 (iPhone; CPU iPhone OS 11_0 like Mac OS X) AppleWebKit/604.1.38 (KHTML, like Gecko) Version/11.0 Mobile/15A372 Safari/604.1"
::1 - - [22/Mar/2019:15:07:11 +0000] "GET /css/form.css HTTP/1.1" 200 - "https://localhost:4000/products" "Mozilla/5.0 (iPhone; CPU iPhone OS 11_0 like Mac OS X) AppleWebKit/604.1.38 (KHTML, like Gecko) Version/11.0 Mobile/15A372 Safari/604.1"
::1 - - [22/Mar/2019:15:07:11 +0000] "GET /images/2019-03-14T16_38_09.267Z_Pot-peinture.jpg HTTP/1.1" 200 55780 "https://localhost:4000/products" "Mozilla/5.0 (iPhone; CPU iPhone OS 11_0 like Mac OS X) AppleWebKit/604.1.38 (KHTML, like Gecko) Version/11.0 Mobile/15A372 Safari/604.1"
::1 - - [22/Mar/2019:15:07:11 +0000] "GET /css/products.css HTTP/1.1" 200 861 "https://localhost:4000/products" "Mozilla/5.0 (iPhone; CPU iPhone OS 11_0 like Mac OS X) AppleWebKit/604.1.38 (KHTML, like Gecko) Version/11.0 Mobile/15A372 Safari/604.1"
::1 - - [22/Mar/2019:15:07:11 +0000] "GET /images/bricoflex.svg HTTP/1.1" 200 - "https://localhost:4000/products" "Mozilla/5.0 (iPhone; CPU iPhone OS 11_0 like Mac OS X) AppleWebKit/604.1.38 (KHTML, like Gecko) Version/11.0 Mobile/15A372 Safari/604.1"
::1 - - [22/Mar/2019:15:07:11 +0000] "GET /listeners/listener.js HTTP/1.1" 200 - "https://localhost:4000/products" "Mozilla/5.0 (iPhone; CPU iPhone OS 11_0 like Mac OS X) AppleWebKit/604.1.38 (KHTML, like Gecko) Version/11.0 Mobile/15A372 Safari/604.1"
::1 - - [22/Mar/2019:15:07:11 +0000] "GET /images/2019-03-14T16_38_09.267Z_28642.png HTTP/1.1" 200 9226 "https://localhost:4000/products" "Mozilla/5.0 (iPhone; CPU iPhone OS 11_0 like Mac OS X) AppleWebKit/604.1.38 (KHTML, like Gecko) Version/11.0 Mobile/15A372 Safari/604.1"
::1 - - [22/Mar/2019:15:07:11 +0000] "GET /js/collapse.min.js HTTP/1.1" 200 - "https://localhost:4000/products" "Mozilla/5.0 (iPhone; CPU iPhone OS 11_0 like Mac OS X) AppleWebKit/604.1.38 (KHTML, like Gecko) Version/11.0 Mobile/15A372 Safari/604.1"
::1 - - [22/Mar/2019:15:07:11 +0000] "GET /images/2019-03-15T12_41_03.827Z_paint-roller-155347_960_720.png HTTP/1.1" 200 83662 "https://localhost:4000/products" "Mozilla/5.0 (iPhone; CPU iPhone OS 11_0 like Mac OS X) AppleWebKit/604.1.38 (KHTML, like Gecko) Version/11.0 Mobile/15A372 Safari/604.1"
::1 - - [22/Mar/2019:15:07:11 +0000] "GET /images/2019-03-15T12_41_03.827Z_tournevis.png HTTP/1.1" 200 4666 "https://localhost:4000/products" "Mozilla/5.0 (iPhone; CPU iPhone OS 11_0 like Mac OS X) AppleWebKit/604.1.38 (KHTML, like Gecko) Version/11.0 Mobile/15A372 Safari/604.1"
::1 - - [22/Mar/2019:15:07:11 +0000] "GET /images/2019-03-15T12_41_03.827Z_pelle.png HTTP/1.1" 200 9026 "https://localhost:4000/products" "Mozilla/5.0 (iPhone; CPU iPhone OS 11_0 like Mac OS X) AppleWebKit/604.1.38 (KHTML, like Gecko) Version/11.0 Mobile/15A372 Safari/604.1"
::1 - - [22/Mar/2019:15:07:11 +0000] "GET /js/jquery-3.3.1.min.js HTTP/1.1" 200 - "https://localhost:4000/products" "Mozilla/5.0 (iPhone; CPU iPhone OS 11_0 like Mac OS X) AppleWebKit/604.1.38 (KHTML, like Gecko) Version/11.0 Mobile/15A372 Safari/604.1"
::1 - - [22/Mar/2019:15:07:11 +0000] "GET /images/2019-03-19T16_30_01.850Z_tournevis.png HTTP/1.1" 200 4666 "https://localhost:4000/products" "Mozilla/5.0 (iPhone; CPU iPhone OS 11_0 like Mac OS X) AppleWebKit/604.1.38 (KHTML, like Gecko) Version/11.0 Mobile/15A372 Safari/604.1"
::1 - - [22/Mar/2019:15:07:11 +0000] "GET /images/2019-03-19T16_30_01.850Z_pelle.png HTTP/1.1" 200 9026 "https://localhost:4000/products" "Mozilla/5.0 (iPhone; CPU iPhone OS 11_0 like Mac OS X) AppleWebKit/604.1.38 (KHTML, like Gecko) Version/11.0 Mobile/15A372 Safari/604.1"
::1 - - [22/Mar/2019:15:07:11 +0000] "GET /images/2019-03-19T16_30_01.850Z_28642.png HTTP/1.1" 200 9226 "https://localhost:4000/products" "Mozilla/5.0 (iPhone; CPU iPhone OS 11_0 like Mac OS X) AppleWebKit/604.1.38 (KHTML, like Gecko) Version/11.0 Mobile/15A372 Safari/604.1"
::1 - - [22/Mar/2019:15:07:11 +0000] "GET /images/2019-03-14T16_38_09.267Z_Multiple_pliers.jpg HTTP/1.1" 200 100870 "https://localhost:4000/products" "Mozilla/5.0 (iPhone; CPU iPhone OS 11_0 like Mac OS X) AppleWebKit/604.1.38 (KHTML, like Gecko) Version/11.0 Mobile/15A372 Safari/604.1"
::1 - - [22/Mar/2019:15:07:11 +0000] "GET /images/2019-03-19T16_30_01.850Z_Pot-peinture.jpg HTTP/1.1" 200 55780 "https://localhost:4000/products" "Mozilla/5.0 (iPhone; CPU iPhone OS 11_0 like Mac OS X) AppleWebKit/604.1.38 (KHTML, like Gecko) Version/11.0 Mobile/15A372 Safari/604.1"
::1 - - [22/Mar/2019:15:07:11 +0000] "GET /images/2019-03-19T16_30_01.850Z_paint-roller-155347_960_720.png HTTP/1.1" 200 83662 "https://localhost:4000/products" "Mozilla/5.0 (iPhone; CPU iPhone OS 11_0 like Mac OS X) AppleWebKit/604.1.38 (KHTML, like Gecko) Version/11.0 Mobile/15A372 Safari/604.1"
::1 - - [22/Mar/2019:15:45:43 +0000] "GET /admin/add-product HTTP/1.1" 200 - "http://localhost:4000/products" "Mozilla/5.0 (Windows NT 10.0; Win64; x64) AppleWebKit/537.36 (KHTML, like Gecko) Chrome/72.0.3626.121 Safari/537.36"
::1 - - [22/Mar/2019:15:45:43 +0000] "GET /favicon.ico HTTP/1.1" - - "http://localhost:4000/products" "Mozilla/5.0 (iPhone; CPU iPhone OS 11_0 like Mac OS X) AppleWebKit/604.1.38 (KHTML, like Gecko) Version/11.0 Mobile/15A372 Safari/604.1"
::1 - - [22/Mar/2019:15:45:43 +0000] "GET /css/form.css HTTP/1.1" 200 - "http://localhost:4000/admin/add-product" "Mozilla/5.0 (Windows NT 10.0; Win64; x64) AppleWebKit/537.36 (KHTML, like Gecko) Chrome/72.0.3626.121 Safari/537.36"
::1 - - [22/Mar/2019:15:45:43 +0000] "GET /css/main.css HTTP/1.1" 200 - "http://localhost:4000/admin/add-product" "Mozilla/5.0 (Windows NT 10.0; Win64; x64) AppleWebKit/537.36 (KHTML, like Gecko) Chrome/72.0.3626.121 Safari/537.36"
::1 - - [22/Mar/2019:15:45:43 +0000] "GET /css/add-product.css HTTP/1.1" 200 - "http://localhost:4000/admin/add-product" "Mozilla/5.0 (Windows NT 10.0; Win64; x64) AppleWebKit/537.36 (KHTML, like Gecko) Chrome/72.0.3626.121 Safari/537.36"
::1 - - [22/Mar/2019:15:45:43 +0000] "GET /images/bricoflex.svg HTTP/1.1" 200 - "http://localhost:4000/admin/add-product" "Mozilla/5.0 (Windows NT 10.0; Win64; x64) AppleWebKit/537.36 (KHTML, like Gecko) Chrome/72.0.3626.121 Safari/537.36"
::1 - - [22/Mar/2019:15:45:43 +0000] "GET /js/collapse.min.js HTTP/1.1" 200 - "http://localhost:4000/admin/add-product" "Mozilla/5.0 (Windows NT 10.0; Win64; x64) AppleWebKit/537.36 (KHTML, like Gecko) Chrome/72.0.3626.121 Safari/537.36"
::1 - - [22/Mar/2019:15:45:43 +0000] "GET /js/jquery-3.3.1.min.js HTTP/1.1" 200 - "http://localhost:4000/admin/add-product" "Mozilla/5.0 (Windows NT 10.0; Win64; x64) AppleWebKit/537.36 (KHTML, like Gecko) Chrome/72.0.3626.121 Safari/537.36"
::1 - - [22/Mar/2019:15:45:43 +0000] "GET /listeners/listener.js HTTP/1.1" 200 - "http://localhost:4000/admin/add-product" "Mozilla/5.0 (Windows NT 10.0; Win64; x64) AppleWebKit/537.36 (KHTML, like Gecko) Chrome/72.0.3626.121 Safari/537.36"
::1 - - [22/Mar/2019:15:45:45 +0000] "GET /cart HTTP/1.1" 200 - "http://localhost:4000/admin/add-product" "Mozilla/5.0 (Windows NT 10.0; Win64; x64) AppleWebKit/537.36 (KHTML, like Gecko) Chrome/72.0.3626.121 Safari/537.36"
::1 - - [22/Mar/2019:15:45:45 +0000] "GET /favicon.ico HTTP/1.1" - - "http://localhost:4000/admin/add-product" "Mozilla/5.0 (Windows NT 10.0; Win64; x64) AppleWebKit/537.36 (KHTML, like Gecko) Chrome/72.0.3626.121 Safari/537.36"
::1 - - [22/Mar/2019:15:45:45 +0000] "GET /css/products.css HTTP/1.1" 200 861 "http://localhost:4000/cart" "Mozilla/5.0 (Windows NT 10.0; Win64; x64) AppleWebKit/537.36 (KHTML, like Gecko) Chrome/72.0.3626.121 Safari/537.36"
::1 - - [22/Mar/2019:15:45:45 +0000] "GET /css/form.css HTTP/1.1" 200 - "http://localhost:4000/cart" "Mozilla/5.0 (Windows NT 10.0; Win64; x64) AppleWebKit/537.36 (KHTML, like Gecko) Chrome/72.0.3626.121 Safari/537.36"
::1 - - [22/Mar/2019:15:45:45 +0000] "GET /css/main.css HTTP/1.1" 200 - "http://localhost:4000/cart" "Mozilla/5.0 (Windows NT 10.0; Win64; x64) AppleWebKit/537.36 (KHTML, like Gecko) Chrome/72.0.3626.121 Safari/537.36"
::1 - - [22/Mar/2019:15:45:45 +0000] "GET /images/bricoflex.svg HTTP/1.1" 200 - "http://localhost:4000/cart" "Mozilla/5.0 (Windows NT 10.0; Win64; x64) AppleWebKit/537.36 (KHTML, like Gecko) Chrome/72.0.3626.121 Safari/537.36"
::1 - - [22/Mar/2019:15:45:45 +0000] "GET /js/jquery-3.3.1.min.js HTTP/1.1" 200 - "http://localhost:4000/cart" "Mozilla/5.0 (Windows NT 10.0; Win64; x64) AppleWebKit/537.36 (KHTML, like Gecko) Chrome/72.0.3626.121 Safari/537.36"
::1 - - [22/Mar/2019:15:45:45 +0000] "GET /js/collapse.min.js HTTP/1.1" 200 - "http://localhost:4000/cart" "Mozilla/5.0 (Windows NT 10.0; Win64; x64) AppleWebKit/537.36 (KHTML, like Gecko) Chrome/72.0.3626.121 Safari/537.36"
::1 - - [22/Mar/2019:15:45:45 +0000] "GET /listeners/listener.js HTTP/1.1" 200 - "http://localhost:4000/cart" "Mozilla/5.0 (Windows NT 10.0; Win64; x64) AppleWebKit/537.36 (KHTML, like Gecko) Chrome/72.0.3626.121 Safari/537.36"
::1 - - [22/Mar/2019:15:45:45 +0000] "GET /css/displayCart.css HTTP/1.1" 200 - "http://localhost:4000/cart" "Mozilla/5.0 (Windows NT 10.0; Win64; x64) AppleWebKit/537.36 (KHTML, like Gecko) Chrome/72.0.3626.121 Safari/537.36"
::1 - - [22/Mar/2019:15:45:48 +0000] "POST /delete HTTP/1.1" 302 54 "http://localhost:4000/cart" "Mozilla/5.0 (Windows NT 10.0; Win64; x64) AppleWebKit/537.36 (KHTML, like Gecko) Chrome/72.0.3626.121 Safari/537.36"
::1 - - [22/Mar/2019:15:45:48 +0000] "GET /cart HTTP/1.1" 200 - "http://localhost:4000/cart" "Mozilla/5.0 (Windows NT 10.0; Win64; x64) AppleWebKit/537.36 (KHTML, like Gecko) Chrome/72.0.3626.121 Safari/537.36"
::1 - - [22/Mar/2019:15:45:48 +0000] "GET /favicon.ico HTTP/1.1" - - "http://localhost:4000/cart" "Mozilla/5.0 (Windows NT 10.0; Win64; x64) AppleWebKit/537.36 (KHTML, like Gecko) Chrome/72.0.3626.121 Safari/537.36"
::1 - - [22/Mar/2019:15:45:48 +0000] "GET /css/products.css HTTP/1.1" 200 861 "http://localhost:4000/cart" "Mozilla/5.0 (Windows NT 10.0; Win64; x64) AppleWebKit/537.36 (KHTML, like Gecko) Chrome/72.0.3626.121 Safari/537.36"
::1 - - [22/Mar/2019:15:45:48 +0000] "GET /css/form.css HTTP/1.1" 200 - "http://localhost:4000/cart" "Mozilla/5.0 (Windows NT 10.0; Win64; x64) AppleWebKit/537.36 (KHTML, like Gecko) Chrome/72.0.3626.121 Safari/537.36"
::1 - - [22/Mar/2019:15:45:48 +0000] "GET /css/main.css HTTP/1.1" 200 - "http://localhost:4000/cart" "Mozilla/5.0 (Windows NT 10.0; Win64; x64) AppleWebKit/537.36 (KHTML, like Gecko) Chrome/72.0.3626.121 Safari/537.36"
::1 - - [22/Mar/2019:15:45:48 +0000] "GET /css/displayCart.css HTTP/1.1" 200 - "http://localhost:4000/cart" "Mozilla/5.0 (Windows NT 10.0; Win64; x64) AppleWebKit/537.36 (KHTML, like Gecko) Chrome/72.0.3626.121 Safari/537.36"
::1 - - [22/Mar/2019:15:45:48 +0000] "GET /images/bricoflex.svg HTTP/1.1" 200 - "http://localhost:4000/cart" "Mozilla/5.0 (Windows NT 10.0; Win64; x64) AppleWebKit/537.36 (KHTML, like Gecko) Chrome/72.0.3626.121 Safari/537.36"
::1 - - [22/Mar/2019:15:45:48 +0000] "GET /js/jquery-3.3.1.min.js HTTP/1.1" 200 - "http://localhost:4000/cart" "Mozilla/5.0 (Windows NT 10.0; Win64; x64) AppleWebKit/537.36 (KHTML, like Gecko) Chrome/72.0.3626.121 Safari/537.36"
::1 - - [22/Mar/2019:15:45:48 +0000] "GET /js/collapse.min.js HTTP/1.1" 200 - "http://localhost:4000/cart" "Mozilla/5.0 (Windows NT 10.0; Win64; x64) AppleWebKit/537.36 (KHTML, like Gecko) Chrome/72.0.3626.121 Safari/537.36"
::1 - - [22/Mar/2019:15:45:48 +0000] "GET /listeners/listener.js HTTP/1.1" 200 - "http://localhost:4000/cart" "Mozilla/5.0 (Windows NT 10.0; Win64; x64) AppleWebKit/537.36 (KHTML, like Gecko) Chrome/72.0.3626.121 Safari/537.36"
::1 - - [22/Mar/2019:15:45:55 +0000] "GET /products HTTP/1.1" 200 - "http://localhost:4000/cart" "Mozilla/5.0 (iPhone; CPU iPhone OS 11_0 like Mac OS X) AppleWebKit/604.1.38 (KHTML, like Gecko) Version/11.0 Mobile/15A372 Safari/604.1"
::1 - - [22/Mar/2019:15:45:55 +0000] "GET /favicon.ico HTTP/1.1" - - "http://localhost:4000/cart" "Mozilla/5.0 (Windows NT 10.0; Win64; x64) AppleWebKit/537.36 (KHTML, like Gecko) Chrome/72.0.3626.121 Safari/537.36"
::1 - - [22/Mar/2019:15:45:55 +0000] "GET /css/form.css HTTP/1.1" 200 - "http://localhost:4000/products" "Mozilla/5.0 (iPhone; CPU iPhone OS 11_0 like Mac OS X) AppleWebKit/604.1.38 (KHTML, like Gecko) Version/11.0 Mobile/15A372 Safari/604.1"
::1 - - [22/Mar/2019:15:45:55 +0000] "GET /css/main.css HTTP/1.1" 200 - "http://localhost:4000/products" "Mozilla/5.0 (iPhone; CPU iPhone OS 11_0 like Mac OS X) AppleWebKit/604.1.38 (KHTML, like Gecko) Version/11.0 Mobile/15A372 Safari/604.1"
::1 - - [22/Mar/2019:15:45:55 +0000] "GET /css/products.css HTTP/1.1" 200 861 "http://localhost:4000/products" "Mozilla/5.0 (iPhone; CPU iPhone OS 11_0 like Mac OS X) AppleWebKit/604.1.38 (KHTML, like Gecko) Version/11.0 Mobile/15A372 Safari/604.1"
::1 - - [22/Mar/2019:15:45:55 +0000] "GET /images/bricoflex.svg HTTP/1.1" 200 - "http://localhost:4000/products" "Mozilla/5.0 (iPhone; CPU iPhone OS 11_0 like Mac OS X) AppleWebKit/604.1.38 (KHTML, like Gecko) Version/11.0 Mobile/15A372 Safari/604.1"
::1 - - [22/Mar/2019:15:45:55 +0000] "GET /images/2019-03-14T16_38_09.267Z_Pot-peinture.jpg HTTP/1.1" 200 55780 "http://localhost:4000/products" "Mozilla/5.0 (iPhone; CPU iPhone OS 11_0 like Mac OS X) AppleWebKit/604.1.38 (KHTML, like Gecko) Version/11.0 Mobile/15A372 Safari/604.1"
::1 - - [22/Mar/2019:15:45:55 +0000] "GET /js/jquery-3.3.1.min.js HTTP/1.1" 200 - "http://localhost:4000/products" "Mozilla/5.0 (iPhone; CPU iPhone OS 11_0 like Mac OS X) AppleWebKit/604.1.38 (KHTML, like Gecko) Version/11.0 Mobile/15A372 Safari/604.1"
::1 - - [22/Mar/2019:15:45:55 +0000] "GET /js/collapse.min.js HTTP/1.1" 200 - "http://localhost:4000/products" "Mozilla/5.0 (iPhone; CPU iPhone OS 11_0 like Mac OS X) AppleWebKit/604.1.38 (KHTML, like Gecko) Version/11.0 Mobile/15A372 Safari/604.1"
::1 - - [22/Mar/2019:15:45:55 +0000] "GET /listeners/listener.js HTTP/1.1" 200 - "http://localhost:4000/products" "Mozilla/5.0 (iPhone; CPU iPhone OS 11_0 like Mac OS X) AppleWebKit/604.1.38 (KHTML, like Gecko) Version/11.0 Mobile/15A372 Safari/604.1"
::1 - - [22/Mar/2019:15:45:55 +0000] "GET /images/2019-03-15T12_41_03.827Z_paint-roller-155347_960_720.png HTTP/1.1" 200 83662 "http://localhost:4000/products" "Mozilla/5.0 (iPhone; CPU iPhone OS 11_0 like Mac OS X) AppleWebKit/604.1.38 (KHTML, like Gecko) Version/11.0 Mobile/15A372 Safari/604.1"
::1 - - [22/Mar/2019:15:45:55 +0000] "GET /images/2019-03-14T16_38_09.267Z_28642.png HTTP/1.1" 200 9226 "http://localhost:4000/products" "Mozilla/5.0 (iPhone; CPU iPhone OS 11_0 like Mac OS X) AppleWebKit/604.1.38 (KHTML, like Gecko) Version/11.0 Mobile/15A372 Safari/604.1"
::1 - - [22/Mar/2019:15:45:55 +0000] "GET /images/2019-03-14T16_38_09.267Z_Multiple_pliers.jpg HTTP/1.1" 200 100870 "http://localhost:4000/products" "Mozilla/5.0 (iPhone; CPU iPhone OS 11_0 like Mac OS X) AppleWebKit/604.1.38 (KHTML, like Gecko) Version/11.0 Mobile/15A372 Safari/604.1"
::1 - - [22/Mar/2019:15:45:55 +0000] "GET /images/2019-03-15T12_41_03.827Z_pelle.png HTTP/1.1" 200 9026 "http://localhost:4000/products" "Mozilla/5.0 (iPhone; CPU iPhone OS 11_0 like Mac OS X) AppleWebKit/604.1.38 (KHTML, like Gecko) Version/11.0 Mobile/15A372 Safari/604.1"
::1 - - [22/Mar/2019:15:45:55 +0000] "GET /images/2019-03-15T12_41_03.827Z_tournevis.png HTTP/1.1" 200 4666 "http://localhost:4000/products" "Mozilla/5.0 (iPhone; CPU iPhone OS 11_0 like Mac OS X) AppleWebKit/604.1.38 (KHTML, like Gecko) Version/11.0 Mobile/15A372 Safari/604.1"
::1 - - [22/Mar/2019:15:45:55 +0000] "GET /images/2019-03-19T16_30_01.850Z_tournevis.png HTTP/1.1" 200 4666 "http://localhost:4000/products" "Mozilla/5.0 (iPhone; CPU iPhone OS 11_0 like Mac OS X) AppleWebKit/604.1.38 (KHTML, like Gecko) Version/11.0 Mobile/15A372 Safari/604.1"
::1 - - [22/Mar/2019:15:45:55 +0000] "GET /images/2019-03-19T16_30_01.850Z_28642.png HTTP/1.1" 200 9226 "http://localhost:4000/products" "Mozilla/5.0 (iPhone; CPU iPhone OS 11_0 like Mac OS X) AppleWebKit/604.1.38 (KHTML, like Gecko) Version/11.0 Mobile/15A372 Safari/604.1"
::1 - - [22/Mar/2019:15:45:55 +0000] "GET /images/2019-03-19T16_30_01.850Z_pelle.png HTTP/1.1" 200 9026 "http://localhost:4000/products" "Mozilla/5.0 (iPhone; CPU iPhone OS 11_0 like Mac OS X) AppleWebKit/604.1.38 (KHTML, like Gecko) Version/11.0 Mobile/15A372 Safari/604.1"
::1 - - [22/Mar/2019:15:45:55 +0000] "GET /images/2019-03-19T16_30_01.850Z_paint-roller-155347_960_720.png HTTP/1.1" 200 83662 "http://localhost:4000/products" "Mozilla/5.0 (iPhone; CPU iPhone OS 11_0 like Mac OS X) AppleWebKit/604.1.38 (KHTML, like Gecko) Version/11.0 Mobile/15A372 Safari/604.1"
::1 - - [22/Mar/2019:15:45:55 +0000] "GET /images/2019-03-19T16_30_01.850Z_Pot-peinture.jpg HTTP/1.1" 200 55780 "http://localhost:4000/products" "Mozilla/5.0 (iPhone; CPU iPhone OS 11_0 like Mac OS X) AppleWebKit/604.1.38 (KHTML, like Gecko) Version/11.0 Mobile/15A372 Safari/604.1"
::1 - - [22/Mar/2019:15:45:59 +0000] "GET /cart HTTP/1.1" 200 - "http://localhost:4000/products" "Mozilla/5.0 (iPhone; CPU iPhone OS 11_0 like Mac OS X) AppleWebKit/604.1.38 (KHTML, like Gecko) Version/11.0 Mobile/15A372 Safari/604.1"
::1 - - [22/Mar/2019:15:45:59 +0000] "GET /favicon.ico HTTP/1.1" - - "http://localhost:4000/products" "Mozilla/5.0 (iPhone; CPU iPhone OS 11_0 like Mac OS X) AppleWebKit/604.1.38 (KHTML, like Gecko) Version/11.0 Mobile/15A372 Safari/604.1"
::1 - - [22/Mar/2019:15:45:59 +0000] "GET /css/products.css HTTP/1.1" 200 861 "http://localhost:4000/cart" "Mozilla/5.0 (iPhone; CPU iPhone OS 11_0 like Mac OS X) AppleWebKit/604.1.38 (KHTML, like Gecko) Version/11.0 Mobile/15A372 Safari/604.1"
::1 - - [22/Mar/2019:15:45:59 +0000] "GET /css/form.css HTTP/1.1" 200 - "http://localhost:4000/cart" "Mozilla/5.0 (iPhone; CPU iPhone OS 11_0 like Mac OS X) AppleWebKit/604.1.38 (KHTML, like Gecko) Version/11.0 Mobile/15A372 Safari/604.1"
::1 - - [22/Mar/2019:15:45:59 +0000] "GET /css/main.css HTTP/1.1" 200 - "http://localhost:4000/cart" "Mozilla/5.0 (iPhone; CPU iPhone OS 11_0 like Mac OS X) AppleWebKit/604.1.38 (KHTML, like Gecko) Version/11.0 Mobile/15A372 Safari/604.1"
::1 - - [22/Mar/2019:15:45:59 +0000] "GET /css/displayCart.css HTTP/1.1" 200 - "http://localhost:4000/cart" "Mozilla/5.0 (iPhone; CPU iPhone OS 11_0 like Mac OS X) AppleWebKit/604.1.38 (KHTML, like Gecko) Version/11.0 Mobile/15A372 Safari/604.1"
::1 - - [22/Mar/2019:15:45:59 +0000] "GET /images/bricoflex.svg HTTP/1.1" 200 - "http://localhost:4000/cart" "Mozilla/5.0 (iPhone; CPU iPhone OS 11_0 like Mac OS X) AppleWebKit/604.1.38 (KHTML, like Gecko) Version/11.0 Mobile/15A372 Safari/604.1"
::1 - - [22/Mar/2019:15:45:59 +0000] "GET /js/jquery-3.3.1.min.js HTTP/1.1" 200 - "http://localhost:4000/cart" "Mozilla/5.0 (iPhone; CPU iPhone OS 11_0 like Mac OS X) AppleWebKit/604.1.38 (KHTML, like Gecko) Version/11.0 Mobile/15A372 Safari/604.1"
::1 - - [22/Mar/2019:15:45:59 +0000] "GET /js/collapse.min.js HTTP/1.1" 200 - "http://localhost:4000/cart" "Mozilla/5.0 (iPhone; CPU iPhone OS 11_0 like Mac OS X) AppleWebKit/604.1.38 (KHTML, like Gecko) Version/11.0 Mobile/15A372 Safari/604.1"
::1 - - [22/Mar/2019:15:45:59 +0000] "GET /listeners/listener.js HTTP/1.1" 200 - "http://localhost:4000/cart" "Mozilla/5.0 (iPhone; CPU iPhone OS 11_0 like Mac OS X) AppleWebKit/604.1.38 (KHTML, like Gecko) Version/11.0 Mobile/15A372 Safari/604.1"
::1 - - [22/Mar/2019:15:47:59 +0000] "GET /favicon.ico HTTP/1.1" - - "http://localhost:4000/cart" "Mozilla/5.0 (iPhone; CPU iPhone OS 11_0 like Mac OS X) AppleWebKit/604.1.38 (KHTML, like Gecko) Version/11.0 Mobile/15A372 Safari/604.1"
